<?xml version="1.0" encoding="UTF-8"?>
<!-- Generated by org.testng.reporters.JUnitReportReporter -->
<testsuite hostname="Dell" failures="0" tests="9" name="TestClass" time="6.181" errors="0" timestamp="2023-01-15T18:25:02 MSK" skipped="0">
  <testcase classname="TestClass" name="homePageTest" time="0.225"/>
  <system-out/>
  <testcase classname="TestClass" name="deliveryInformationPageTest" time="0.475"/>
  <system-out/>
  <testcase classname="TestClass" name="yellowDuckLabelTest" time="0.570"/>
  <system-out/>
  <testcase classname="TestClass" name="sortByNameTest" time="1.536"/>
  <system-out/>
  <testcase classname="TestClass" name="greenDuckLabelTest" time="0.371"/>
  <system-out/>
  <testcase classname="TestClass" name="rubberDucksPageTest" time="0.353"/>
  <system-out/>
  <testcase classname="TestClass" name="sortByPriceTest" time="0.731"/>
  <system-out/>
  <testcase classname="TestClass" name="termsAndConditionsTest" time="0.410"/>
  <system-out/>
  <testcase classname="TestClass" name="openLiteCartSiteTest" time="1.510"/>
  <system-out/>
</testsuite> <!-- TestClass -->
